[0m11:12:40.138576 [debug] [MainThread]: Sending event: {'category': 'dbt', 'action': 'invocation', 'label': 'start', 'context': [<snowplow_tracker.self_describing_json.SelfDescribingJson object at 0x000001FD9DAE9950>, <snowplow_tracker.self_describing_json.SelfDescribingJson object at 0x000001FD9D887E50>, <snowplow_tracker.self_describing_json.SelfDescribingJson object at 0x000001FD9DAE9B90>]}


============================== 11:12:40.144607 | 6f5b0c9d-e223-497a-b729-eb5e217aaddf ==============================
[0m11:12:40.144607 [info ] [MainThread]: Running with dbt=1.11.6
[0m11:12:40.144607 [debug] [MainThread]: running dbt with arguments {'static_parser': 'True', 'no_print': 'None', 'version_check': 'True', 'target_path': 'None', 'warn_error_options': 'WarnErrorOptionsV2(error=[], warn=[], silence=[])', 'printer_width': '80', 'write_json': 'True', 'empty': 'None', 'log_cache_events': 'False', 'introspect': 'True', 'cache_selected_only': 'False', 'fail_fast': 'False', 'debug': 'False', 'log_format': 'default', 'profiles_dir': 'C:\\Users\\mathe\\.dbt', 'send_anonymous_usage_stats': 'True', 'quiet': 'False', 'warn_error': 'None', 'partial_parse': 'True', 'invocation_command': 'dbt debug', 'indirect_selection': 'eager', 'use_colors': 'True', 'use_experimental_parser': 'False', 'log_path': 'logs'}
[0m11:12:40.167218 [info ] [MainThread]: dbt version: 1.11.6
[0m11:12:40.169225 [info ] [MainThread]: python version: 3.11.8
[0m11:12:40.169225 [info ] [MainThread]: python path: C:\Users\mathe\.pyenv\pyenv-win\versions\3.11.8\python.exe
[0m11:12:40.170355 [info ] [MainThread]: os info: Windows-10-10.0.26200-SP0
[0m11:12:42.114794 [info ] [MainThread]: Using profiles dir at C:\Users\mathe\.dbt
[0m11:12:42.114794 [info ] [MainThread]: Using profiles.yml file at C:\Users\mathe\.dbt\profiles.yml
[0m11:12:42.114794 [info ] [MainThread]: Using dbt_project.yml file at C:\Users\mathe\Documents\Curso\DBT\Tiago Linhares\dbt_example-main\dbt_example-main\dbt_project.yml
[0m11:12:42.114794 [info ] [MainThread]: adapter type: bigquery
[0m11:12:42.114794 [info ] [MainThread]: adapter version: 1.11.1
[0m11:12:42.114794 [info ] [MainThread]: Configuration:
[0m11:12:42.114794 [info ] [MainThread]:   profiles.yml file [[32mOK found and valid[0m]
[0m11:12:42.114794 [info ] [MainThread]:   dbt_project.yml file [[31mERROR not found[0m]
[0m11:12:42.114794 [info ] [MainThread]: Required dependencies:
[0m11:12:42.130106 [debug] [MainThread]: Executing "git --help"
[0m11:12:42.153100 [debug] [MainThread]: STDOUT: "b"usage: git [-v | --version] [-h | --help] [-C <path>] [-c <name>=<value>]\n           [--exec-path[=<path>]] [--html-path] [--man-path] [--info-path]\n           [-p | --paginate | -P | --no-pager] [--no-replace-objects] [--no-lazy-fetch]\n           [--no-optional-locks] [--no-advice] [--bare] [--git-dir=<path>]\n           [--work-tree=<path>] [--namespace=<name>] [--config-env=<name>=<envvar>]\n           <command> [<args>]\n\nThese are common Git commands used in various situations:\n\nstart a working area (see also: git help tutorial)\n   clone      Clone a repository into a new directory\n   init       Create an empty Git repository or reinitialize an existing one\n\nwork on the current change (see also: git help everyday)\n   add        Add file contents to the index\n   mv         Move or rename a file, a directory, or a symlink\n   restore    Restore working tree files\n   rm         Remove files from the working tree and from the index\n\nexamine the history and state (see also: git help revisions)\n   bisect     Use binary search to find the commit that introduced a bug\n   diff       Show changes between commits, commit and working tree, etc\n   grep       Print lines matching a pattern\n   log        Show commit logs\n   show       Show various types of objects\n   status     Show the working tree status\n\ngrow, mark and tweak your common history\n   backfill   Download missing objects in a partial clone\n   branch     List, create, or delete branches\n   commit     Record changes to the repository\n   merge      Join two or more development histories together\n   rebase     Reapply commits on top of another base tip\n   reset      Set `HEAD` or the index to a known state\n   switch     Switch branches\n   tag        Create, list, delete or verify tags\n\ncollaborate (see also: git help workflows)\n   fetch      Download objects and refs from another repository\n   pull       Fetch from and integrate with another repository or a local branch\n   push       Update remote refs along with associated objects\n\n'git help -a' and 'git help -g' list available subcommands and some\nconcept guides. See 'git help <command>' or 'git help <concept>'\nto read about a specific subcommand or concept.\nSee 'git help git' for an overview of the system.\n""
[0m11:12:42.153100 [debug] [MainThread]: STDERR: "b''"
[0m11:12:42.153100 [info ] [MainThread]:  - git [[32mOK found[0m]

[0m11:12:42.153100 [info ] [MainThread]: Connection:
[0m11:12:42.153100 [info ] [MainThread]:   method: service-account
[0m11:12:42.153100 [info ] [MainThread]:   database: GCP_PROJECT_ID
[0m11:12:42.153100 [info ] [MainThread]:   execution_project: GCP_PROJECT_ID
[0m11:12:42.153100 [info ] [MainThread]:   schema: DBT_DATASET_NAME
[0m11:12:42.153100 [info ] [MainThread]:   location: None
[0m11:12:42.153100 [info ] [MainThread]:   priority: None
[0m11:12:42.153100 [info ] [MainThread]:   maximum_bytes_billed: None
[0m11:12:42.168314 [info ] [MainThread]:   impersonate_service_account: None
[0m11:12:42.169295 [info ] [MainThread]:   job_retry_deadline_seconds: None
[0m11:12:42.169921 [info ] [MainThread]:   job_retries: 1
[0m11:12:42.169921 [info ] [MainThread]:   job_creation_timeout_seconds: None
[0m11:12:42.169921 [info ] [MainThread]:   job_execution_timeout_seconds: None
[0m11:12:42.169921 [info ] [MainThread]:   timeout_seconds: None
[0m11:12:42.169921 [info ] [MainThread]:   client_id: None
[0m11:12:42.169921 [info ] [MainThread]:   token_uri: None
[0m11:12:42.169921 [info ] [MainThread]:   compute_region: None
[0m11:12:42.169921 [info ] [MainThread]:   dataproc_cluster_name: None
[0m11:12:42.169921 [info ] [MainThread]:   gcs_bucket: None
[0m11:12:42.169921 [info ] [MainThread]:   dataproc_batch: None
[0m11:12:42.169921 [info ] [MainThread]: Registered adapter: bigquery=1.11.1
[0m11:12:42.464810 [debug] [MainThread]: Acquiring new bigquery connection 'debug'
[0m11:12:42.464810 [debug] [MainThread]: On debug: select 1 as id
[0m11:12:42.464810 [debug] [MainThread]: Opening a new connection, currently in state init
[0m11:12:42.464810 [debug] [MainThread]: BigQuery adapter: Got an error when attempting to create a bigquery " "client: '[Errno 2] No such file or directory: '/PATH/TO/''
[0m11:12:42.464810 [debug] [MainThread]: BigQuery adapter: Unhandled error while running:
select 1 as id
[0m11:12:42.464810 [debug] [MainThread]: BigQuery adapter: Database Error
  [Errno 2] No such file or directory: '/PATH/TO/'
[0m11:12:42.464810 [info ] [MainThread]:   Connection test: [[31mERROR[0m]

[0m11:12:42.464810 [info ] [MainThread]: [31m2 checks failed:[0m
[0m11:12:42.464810 [info ] [MainThread]: Project loading failed for the following reason:
 project path <C:\Users\mathe\Documents\Curso\DBT\Tiago Linhares\dbt_example-main\dbt_example-main\dbt_project.yml> not found

[0m11:12:42.464810 [info ] [MainThread]: dbt was unable to connect to the specified database.
The database returned the following error:

  >'NoneType' object has no attribute 'close'

Check your database credentials and try again. For more information, visit:
https://docs.getdbt.com/docs/configure-your-profile


[0m11:12:42.464810 [debug] [MainThread]: Command `dbt debug` failed at 11:12:42.464810 after 2.45 seconds
[0m11:12:42.464810 [debug] [MainThread]: Sending event: {'category': 'dbt', 'action': 'invocation', 'label': 'end', 'context': [<snowplow_tracker.self_describing_json.SelfDescribingJson object at 0x000001FD9DAE9990>, <snowplow_tracker.self_describing_json.SelfDescribingJson object at 0x000001FD9DAEA110>, <snowplow_tracker.self_describing_json.SelfDescribingJson object at 0x000001FDB01F3810>]}
[0m11:12:42.464810 [debug] [MainThread]: Flushing usage events
[0m11:12:43.371810 [debug] [MainThread]: An error was encountered while trying to flush usage events
[0m11:29:27.114039 [debug] [MainThread]: Sending event: {'category': 'dbt', 'action': 'invocation', 'label': 'start', 'context': [<snowplow_tracker.self_describing_json.SelfDescribingJson object at 0x000001CBE415DF90>, <snowplow_tracker.self_describing_json.SelfDescribingJson object at 0x000001CBE79D5C90>, <snowplow_tracker.self_describing_json.SelfDescribingJson object at 0x000001CBE79D5390>]}


============================== 11:29:27.130028 | 19f33292-e38b-406a-bcca-85813582d9f9 ==============================
[0m11:29:27.130028 [info ] [MainThread]: Running with dbt=1.11.6
[0m11:29:27.130028 [debug] [MainThread]: running dbt with arguments {'version_check': 'True', 'no_print': 'None', 'static_parser': 'True', 'warn_error_options': 'WarnErrorOptionsV2(error=[], warn=[], silence=[])', 'target_path': 'None', 'printer_width': '80', 'write_json': 'True', 'empty': 'None', 'log_cache_events': 'False', 'introspect': 'True', 'cache_selected_only': 'False', 'fail_fast': 'False', 'debug': 'False', 'log_format': 'default', 'profiles_dir': 'C:\\Users\\mathe\\.dbt', 'send_anonymous_usage_stats': 'True', 'quiet': 'False', 'warn_error': 'None', 'partial_parse': 'True', 'invocation_command': 'dbt debug', 'indirect_selection': 'eager', 'use_colors': 'True', 'use_experimental_parser': 'False', 'log_path': 'logs'}
[0m11:29:27.397334 [info ] [MainThread]: dbt version: 1.11.6
[0m11:29:27.397334 [info ] [MainThread]: python version: 3.11.8
[0m11:29:27.397334 [info ] [MainThread]: python path: C:\Users\mathe\.pyenv\pyenv-win\versions\3.11.8\python.exe
[0m11:29:27.397334 [info ] [MainThread]: os info: Windows-10-10.0.26200-SP0
[0m11:29:30.611745 [info ] [MainThread]: Using profiles dir at C:\Users\mathe\.dbt
[0m11:29:30.611745 [info ] [MainThread]: Using profiles.yml file at C:\Users\mathe\.dbt\profiles.yml
[0m11:29:30.611745 [info ] [MainThread]: Using dbt_project.yml file at C:\Users\mathe\Documents\Curso\DBT\Tiago Linhares\dbt_example-main\dbt_example-main\dbt_project.yml
[0m11:29:30.611745 [info ] [MainThread]: adapter type: bigquery
[0m11:29:30.611745 [info ] [MainThread]: adapter version: 1.11.1
[0m11:29:30.611745 [info ] [MainThread]: Configuration:
[0m11:29:30.611745 [info ] [MainThread]:   profiles.yml file [[32mOK found and valid[0m]
[0m11:29:30.611745 [info ] [MainThread]:   dbt_project.yml file [[31mERROR not found[0m]
[0m11:29:30.627964 [info ] [MainThread]: Required dependencies:
[0m11:29:30.627964 [debug] [MainThread]: Executing "git --help"
[0m11:29:30.662793 [debug] [MainThread]: STDOUT: "b"usage: git [-v | --version] [-h | --help] [-C <path>] [-c <name>=<value>]\n           [--exec-path[=<path>]] [--html-path] [--man-path] [--info-path]\n           [-p | --paginate | -P | --no-pager] [--no-replace-objects] [--no-lazy-fetch]\n           [--no-optional-locks] [--no-advice] [--bare] [--git-dir=<path>]\n           [--work-tree=<path>] [--namespace=<name>] [--config-env=<name>=<envvar>]\n           <command> [<args>]\n\nThese are common Git commands used in various situations:\n\nstart a working area (see also: git help tutorial)\n   clone      Clone a repository into a new directory\n   init       Create an empty Git repository or reinitialize an existing one\n\nwork on the current change (see also: git help everyday)\n   add        Add file contents to the index\n   mv         Move or rename a file, a directory, or a symlink\n   restore    Restore working tree files\n   rm         Remove files from the working tree and from the index\n\nexamine the history and state (see also: git help revisions)\n   bisect     Use binary search to find the commit that introduced a bug\n   diff       Show changes between commits, commit and working tree, etc\n   grep       Print lines matching a pattern\n   log        Show commit logs\n   show       Show various types of objects\n   status     Show the working tree status\n\ngrow, mark and tweak your common history\n   backfill   Download missing objects in a partial clone\n   branch     List, create, or delete branches\n   commit     Record changes to the repository\n   merge      Join two or more development histories together\n   rebase     Reapply commits on top of another base tip\n   reset      Set `HEAD` or the index to a known state\n   switch     Switch branches\n   tag        Create, list, delete or verify tags\n\ncollaborate (see also: git help workflows)\n   fetch      Download objects and refs from another repository\n   pull       Fetch from and integrate with another repository or a local branch\n   push       Update remote refs along with associated objects\n\n'git help -a' and 'git help -g' list available subcommands and some\nconcept guides. See 'git help <command>' or 'git help <concept>'\nto read about a specific subcommand or concept.\nSee 'git help git' for an overview of the system.\n""
[0m11:29:30.662793 [debug] [MainThread]: STDERR: "b''"
[0m11:29:30.662793 [info ] [MainThread]:  - git [[32mOK found[0m]

[0m11:29:30.662793 [info ] [MainThread]: Connection:
[0m11:29:30.662793 [info ] [MainThread]:   method: service-account
[0m11:29:30.662793 [info ] [MainThread]:   database: curso-484501
[0m11:29:30.662793 [info ] [MainThread]:   execution_project: curso-484501
[0m11:29:30.662793 [info ] [MainThread]:   schema: dbt_dw
[0m11:29:30.662793 [info ] [MainThread]:   location: None
[0m11:29:30.662793 [info ] [MainThread]:   priority: None
[0m11:29:30.662793 [info ] [MainThread]:   maximum_bytes_billed: None
[0m11:29:30.662793 [info ] [MainThread]:   impersonate_service_account: None
[0m11:29:30.662793 [info ] [MainThread]:   job_retry_deadline_seconds: None
[0m11:29:30.672225 [info ] [MainThread]:   job_retries: 1
[0m11:29:30.673234 [info ] [MainThread]:   job_creation_timeout_seconds: None
[0m11:29:30.673234 [info ] [MainThread]:   job_execution_timeout_seconds: None
[0m11:29:30.673234 [info ] [MainThread]:   timeout_seconds: None
[0m11:29:30.673234 [info ] [MainThread]:   client_id: None
[0m11:29:30.673234 [info ] [MainThread]:   token_uri: None
[0m11:29:30.673234 [info ] [MainThread]:   compute_region: None
[0m11:29:30.673234 [info ] [MainThread]:   dataproc_cluster_name: None
[0m11:29:30.673234 [info ] [MainThread]:   gcs_bucket: None
[0m11:29:30.673234 [info ] [MainThread]:   dataproc_batch: None
[0m11:29:30.673234 [info ] [MainThread]: Registered adapter: bigquery=1.11.1
[0m11:29:30.986182 [debug] [MainThread]: Acquiring new bigquery connection 'debug'
[0m11:29:30.986182 [debug] [MainThread]: On debug: select 1 as id
[0m11:29:30.988188 [debug] [MainThread]: Opening a new connection, currently in state init
[0m11:29:32.435450 [debug] [MainThread]: BigQuery adapter: https://console.cloud.google.com/bigquery?project=curso-484501&j=bq:US:a976298c-0939-4945-bd5d-da55f3d3f0f8&page=queryresults
[0m11:29:32.817532 [debug] [MainThread]: SQL status: OK in 0.380 seconds
[0m11:29:35.561245 [info ] [MainThread]:   Connection test: [[32mOK connection ok[0m]

[0m11:29:35.562244 [info ] [MainThread]: [31m1 check failed:[0m
[0m11:29:35.562244 [info ] [MainThread]: Project loading failed for the following reason:
 project path <C:\Users\mathe\Documents\Curso\DBT\Tiago Linhares\dbt_example-main\dbt_example-main\dbt_project.yml> not found

[0m11:29:35.564437 [debug] [MainThread]: Command `dbt debug` failed at 11:29:35.563433 after 8.61 seconds
[0m11:29:35.564437 [debug] [MainThread]: Connection 'debug' was properly closed.
[0m11:29:35.564437 [debug] [MainThread]: Sending event: {'category': 'dbt', 'action': 'invocation', 'label': 'end', 'context': [<snowplow_tracker.self_describing_json.SelfDescribingJson object at 0x000001CBE7969B10>, <snowplow_tracker.self_describing_json.SelfDescribingJson object at 0x000001CBFA4DF190>, <snowplow_tracker.self_describing_json.SelfDescribingJson object at 0x000001CBE0CFB0D0>]}
[0m11:29:35.565437 [debug] [MainThread]: Flushing usage events
[0m11:29:36.371074 [debug] [MainThread]: An error was encountered while trying to flush usage events
